# JRE version: OpenJDK Runtime Environment (8.0_152-b01) (build 1.8.0_152-release-1343-b01)
# Java VM: OpenJDK 64-Bit Server VM (25.152-b01 mixed mode windows-amd64 compressed oops)
Heap:
 PSYoungGen      total 390144K, used 342325K [0x00000000e0000000, 0x0000000100000000, 0x0000000100000000)
  eden space 263168K, 100% used [0x00000000e0000000,0x00000000f0100000,0x00000000f0100000)
  from space 126976K, 62% used [0x00000000f8400000,0x00000000fd14d7b0,0x0000000100000000)
  to   space 130560K, 53% used [0x00000000f0100000,0x00000000f45933d0,0x00000000f8080000)
 ParOldGen       total 399360K, used 280866K [0x00000000a0000000, 0x00000000b8600000, 0x00000000e0000000)
  object space 399360K, 70% used [0x00000000a0000000,0x00000000b1248908,0x00000000b8600000)
 Metaspace       used 96160K, capacity 100538K, committed 100736K, reserved 1136640K
  class space    used 11982K, capacity 12883K, committed 12928K, reserved 1048576K
GC Heap History (10 events):
Event: 121.670 GC heap after
Heap after GC invocations=50 (full 4):
 PSYoungGen      total 355328K, used 66546K [0x00000000e0000000, 0x0000000100000000, 0x0000000100000000)
  eden space 288768K, 0% used [0x00000000e0000000,0x00000000e0000000,0x00000000f1a00000)
  from space 66560K, 99% used [0x00000000fbf00000,0x00000000ffffca90,0x0000000100000000)
  to   space 117760K, 0% used [0x00000000f1a00000,0x00000000f1a00000,0x00000000f8d00000)
 ParOldGen       total 399360K, used 280834K [0x00000000a0000000, 0x00000000b8600000, 0x00000000e0000000)
  object space 399360K, 70% used [0x00000000a0000000,0x00000000b1240908,0x00000000b8600000)
 Metaspace       used 82509K, capacity 86038K, committed 88064K, reserved 1126400K
  class space    used 10663K, capacity 11425K, committed 11776K, reserved 1048576K
}
Event: 326.873 GC heap before
{Heap before GC invocations=51 (full 4):
 PSYoungGen      total 355328K, used 355295K [0x00000000e0000000, 0x0000000100000000, 0x0000000100000000)
  eden space 288768K, 99% used [0x00000000e0000000,0x00000000f19fb3f8,0x00000000f1a00000)
  from space 66560K, 99% used [0x00000000fbf00000,0x00000000ffffca90,0x0000000100000000)
  to   space 117760K, 0% used [0x00000000f1a00000,0x00000000f1a00000,0x00000000f8d00000)
 ParOldGen       total 399360K, used 280834K [0x00000000a0000000, 0x00000000b8600000, 0x00000000e0000000)
  object space 399360K, 70% used [0x00000000a0000000,0x00000000b1240908,0x00000000b8600000)
 Metaspace       used 92109K, capacity 96080K, committed 96384K, reserved 1132544K
  class space    used 11755K, capacity 12602K, committed 12672K, reserved 1048576K
Event: 327.147 GC heap after
Heap after GC invocations=51 (full 4):
 PSYoungGen      total 363008K, used 73788K [0x00000000e0000000, 0x0000000100000000, 0x0000000100000000)
  eden space 288768K, 0% used [0x00000000e0000000,0x00000000e0000000,0x00000000f1a00000)
  from space 74240K, 99% used [0x00000000f1a00000,0x00000000f620f050,0x00000000f6280000)
  to   space 122880K, 0% used [0x00000000f8800000,0x00000000f8800000,0x0000000100000000)
 ParOldGen       total 399360K, used 280842K [0x00000000a0000000, 0x00000000b8600000, 0x00000000e0000000)
  object space 399360K, 70% used [0x00000000a0000000,0x00000000b1242908,0x00000000b8600000)
 Metaspace       used 92109K, capacity 96080K, committed 96384K, reserved 1132544K
  class space    used 11755K, capacity 12602K, committed 12672K, reserved 1048576K
}
Event: 332.981 GC heap before
{Heap before GC invocations=52 (full 4):
 PSYoungGen      total 363008K, used 362556K [0x00000000e0000000, 0x0000000100000000, 0x0000000100000000)
  eden space 288768K, 100% used [0x00000000e0000000,0x00000000f1a00000,0x00000000f1a00000)
  from space 74240K, 99% used [0x00000000f1a00000,0x00000000f620f050,0x00000000f6280000)
  to   space 122880K, 0% used [0x00000000f8800000,0x00000000f8800000,0x0000000100000000)
 ParOldGen       total 399360K, used 280842K [0x00000000a0000000, 0x00000000b8600000, 0x00000000e0000000)
  object space 399360K, 70% used [0x00000000a0000000,0x00000000b1242908,0x00000000b8600000)
 Metaspace       used 94590K, capacity 98710K, committed 98816K, reserved 1134592K
  class space    used 11892K, capacity 12747K, committed 12800K, reserved 1048576K
Event: 333.152 GC heap after
Heap after GC invocations=52 (full 4):
 PSYoungGen      total 395264K, used 70776K [0x00000000e0000000, 0x0000000100000000, 0x0000000100000000)
  eden space 272384K, 0% used [0x00000000e0000000,0x00000000e0000000,0x00000000f0a00000)
  from space 122880K, 57% used [0x00000000f8800000,0x00000000fcd1e208,0x0000000100000000)
  to   space 125952K, 0% used [0x00000000f0a00000,0x00000000f0a00000,0x00000000f8500000)
 ParOldGen       total 399360K, used 280842K [0x00000000a0000000, 0x00000000b8600000, 0x00000000e0000000)
  object space 399360K, 70% used [0x00000000a0000000,0x00000000b1242908,0x00000000b8600000)
 Metaspace       used 94590K, capacity 98710K, committed 98816K, reserved 1134592K
  class space    used 11892K, capacity 12747K, committed 12800K, reserved 1048576K
}
Event: 915.473 GC heap before
{Heap before GC invocations=53 (full 4):
 PSYoungGen      total 395264K, used 343160K [0x00000000e0000000, 0x0000000100000000, 0x0000000100000000)
  eden space 272384K, 100% used [0x00000000e0000000,0x00000000f0a00000,0x00000000f0a00000)
  from space 122880K, 57% used [0x00000000f8800000,0x00000000fcd1e208,0x0000000100000000)
  to   space 125952K, 0% used [0x00000000f0a00000,0x00000000f0a00000,0x00000000f8500000)
 ParOldGen       total 399360K, used 280842K [0x00000000a0000000, 0x00000000b8600000, 0x00000000e0000000)
  object space 399360K, 70% used [0x00000000a0000000,0x00000000b1242908,0x00000000b8600000)
 Metaspace       used 95463K, capacity 99632K, committed 99968K, reserved 1136640K
  class space    used 11949K, capacity 12824K, committed 12928K, reserved 1048576K
Event: 915.631 GC heap after
Heap after GC invocations=53 (full 4):
 PSYoungGen      total 341504K, used 68913K [0x00000000e0000000, 0x0000000100000000, 0x0000000100000000)
  eden space 272384K, 0% used [0x00000000e0000000,0x00000000e0000000,0x00000000f0a00000)
  from space 69120K, 99% used [0x00000000f0a00000,0x00000000f4d4c440,0x00000000f4d80000)
  to   space 126976K, 0% used [0x00000000f8400000,0x00000000f8400000,0x0000000100000000)
 ParOldGen       total 399360K, used 280850K [0x00000000a0000000, 0x00000000b8600000, 0x00000000e0000000)
  object space 399360K, 70% used [0x00000000a0000000,0x00000000b1244908,0x00000000b8600000)
 Metaspace       used 95463K, capacity 99632K, committed 99968K, reserved 1136640K
  class space    used 11949K, capacity 12824K, committed 12928K, reserved 1048576K
}
Event: 918.636 GC heap before
{Heap before GC invocations=54 (full 4):
 PSYoungGen      total 341504K, used 341297K [0x00000000e0000000, 0x0000000100000000, 0x0000000100000000)
  eden space 272384K, 100% used [0x00000000e0000000,0x00000000f0a00000,0x00000000f0a00000)
  from space 69120K, 99% used [0x00000000f0a00000,0x00000000f4d4c440,0x00000000f4d80000)
  to   space 126976K, 0% used [0x00000000f8400000,0x00000000f8400000,0x0000000100000000)
 ParOldGen       total 399360K, used 280850K [0x00000000a0000000, 0x00000000b8600000, 0x00000000e0000000)
  object space 399360K, 70% used [0x00000000a0000000,0x00000000b1244908,0x00000000b8600000)
 Metaspace       used 95578K, capacity 99696K, committed 99968K, reserved 1136640K
  class space    used 11949K, capacity 12824K, committed 12928K, reserved 1048576K
Event: 918.749 GC heap after
Heap after GC invocations=54 (full 4):
 PSYoungGen      total 390144K, used 79157K [0x00000000e0000000, 0x0000000100000000, 0x0000000100000000)
  eden space 263168K, 0% used [0x00000000e0000000,0x00000000e0000000,0x00000000f0100000)
  from space 126976K, 62% used [0x00000000f8400000,0x00000000fd14d7b0,0x0000000100000000)
  to   space 130560K, 0% used [0x00000000f0100000,0x00000000f0100000,0x00000000f8080000)
 ParOldGen       total 399360K, used 280858K [0x00000000a0000000, 0x00000000b8600000, 0x00000000e0000000)
  object space 399360K, 70% used [0x00000000a0000000,0x00000000b1246908,0x00000000b8600000)
 Metaspace       used 95578K, capacity 99696K, committed 99968K, reserved 1136640K
  class space    used 11949K, capacity 12824K, committed 12928K, reserved 1048576K
}
Event: 1943.378 GC heap before
{Heap before GC invocations=55 (full 4):
 PSYoungGen      total 390144K, used 342325K [0x00000000e0000000, 0x0000000100000000, 0x0000000100000000)
  eden space 263168K, 100% used [0x00000000e0000000,0x00000000f0100000,0x00000000f0100000)
  from space 126976K, 62% used [0x00000000f8400000,0x00000000fd14d7b0,0x0000000100000000)
  to   space 130560K, 0% used [0x00000000f0100000,0x00000000f0100000,0x00000000f8080000)
 ParOldGen       total 399360K, used 280858K [0x00000000a0000000, 0x00000000b8600000, 0x00000000e0000000)
  object space 399360K, 70% used [0x00000000a0000000,0x00000000b1246908,0x00000000b8600000)
 Metaspace       used 96160K, capacity 100538K, committed 100736K, reserved 1136640K
  class space    used 11982K, capacity 12883K, committed 12928K, reserved 1048576K

